<?xml version="1.0" encoding="UTF-8"?>
<testsuite xmlns:xsi="http://www.w3.org/2001/XMLSchema-instance" xsi:noNamespaceSchemaLocation="https://maven.apache.org/surefire/maven-surefire-plugin/xsd/surefire-test-report.xsd" name="As a user I want to test homepage" time="85.247" tests="10" errors="0" skipped="0" failures="1">
  <properties>
    <property name="gopherProxySet" value="false"/>
    <property name="awt.toolkit" value="sun.lwawt.macosx.LWCToolkit"/>
    <property name="java.specification.version" value="11"/>
    <property name="sun.cpu.isalist" value=""/>
    <property name="sun.jnu.encoding" value="UTF-8"/>
    <property name="java.class.path" value="/Users/ammoturi/Documents/IdeaProjects/collective_automation/target/test-classes:/Users/ammoturi/Documents/IdeaProjects/collective_automation/target/classes:/Users/ammoturi/.m2/repository/junit/junit/4.12/junit-4.12.jar:/Users/ammoturi/.m2/repository/org/hamcrest/hamcrest-core/1.3/hamcrest-core-1.3.jar:/Users/ammoturi/.m2/repository/io/cucumber/cucumber-java8/6.1.0/cucumber-java8-6.1.0.jar:/Users/ammoturi/.m2/repository/org/apiguardian/apiguardian-api/1.1.0/apiguardian-api-1.1.0.jar:/Users/ammoturi/.m2/repository/net/jodah/typetools/0.6.2/typetools-0.6.2.jar:/Users/ammoturi/.m2/repository/org/hamcrest/hamcrest-all/1.3/hamcrest-all-1.3.jar:/Users/ammoturi/.m2/repository/io/cucumber/cucumber-java/6.1.0/cucumber-java-6.1.0.jar:/Users/ammoturi/.m2/repository/log4j/log4j/1.2.17/log4j-1.2.17.jar:/Users/ammoturi/.m2/repository/io/cucumber/cucumber-junit/6.10.4/cucumber-junit-6.10.4.jar:/Users/ammoturi/.m2/repository/io/cucumber/cucumber-core/6.10.4/cucumber-core-6.10.4.jar:/Users/ammoturi/.m2/repository/io/cucumber/cucumber-gherkin/6.10.4/cucumber-gherkin-6.10.4.jar:/Users/ammoturi/.m2/repository/io/cucumber/cucumber-gherkin-messages/6.10.4/cucumber-gherkin-messages-6.10.4.jar:/Users/ammoturi/.m2/repository/io/cucumber/messages/15.0.0/messages-15.0.0.jar:/Users/ammoturi/.m2/repository/io/cucumber/tag-expressions/3.0.1/tag-expressions-3.0.1.jar:/Users/ammoturi/.m2/repository/io/cucumber/cucumber-expressions/10.3.0/cucumber-expressions-10.3.0.jar:/Users/ammoturi/.m2/repository/io/cucumber/datatable/3.5.0/datatable-3.5.0.jar:/Users/ammoturi/.m2/repository/io/cucumber/cucumber-plugin/6.10.4/cucumber-plugin-6.10.4.jar:/Users/ammoturi/.m2/repository/io/cucumber/docstring/6.10.4/docstring-6.10.4.jar:/Users/ammoturi/.m2/repository/io/cucumber/html-formatter/13.0.0/html-formatter-13.0.0.jar:/Users/ammoturi/.m2/repository/io/cucumber/create-meta/4.0.0/create-meta-4.0.0.jar:/Users/ammoturi/.m2/repository/org/seleniumhq/selenium/selenium-java/3.141.59/selenium-java-3.141.59.jar:/Users/ammoturi/.m2/repository/org/seleniumhq/selenium/selenium-api/3.141.59/selenium-api-3.141.59.jar:/Users/ammoturi/.m2/repository/org/seleniumhq/selenium/selenium-chrome-driver/3.141.59/selenium-chrome-driver-3.141.59.jar:/Users/ammoturi/.m2/repository/org/seleniumhq/selenium/selenium-edge-driver/3.141.59/selenium-edge-driver-3.141.59.jar:/Users/ammoturi/.m2/repository/org/seleniumhq/selenium/selenium-firefox-driver/3.141.59/selenium-firefox-driver-3.141.59.jar:/Users/ammoturi/.m2/repository/org/seleniumhq/selenium/selenium-ie-driver/3.141.59/selenium-ie-driver-3.141.59.jar:/Users/ammoturi/.m2/repository/org/seleniumhq/selenium/selenium-opera-driver/3.141.59/selenium-opera-driver-3.141.59.jar:/Users/ammoturi/.m2/repository/org/seleniumhq/selenium/selenium-remote-driver/3.141.59/selenium-remote-driver-3.141.59.jar:/Users/ammoturi/.m2/repository/org/seleniumhq/selenium/selenium-safari-driver/3.141.59/selenium-safari-driver-3.141.59.jar:/Users/ammoturi/.m2/repository/org/seleniumhq/selenium/selenium-support/3.141.59/selenium-support-3.141.59.jar:/Users/ammoturi/.m2/repository/net/bytebuddy/byte-buddy/1.8.15/byte-buddy-1.8.15.jar:/Users/ammoturi/.m2/repository/org/apache/commons/commons-exec/1.3/commons-exec-1.3.jar:/Users/ammoturi/.m2/repository/com/google/guava/guava/25.0-jre/guava-25.0-jre.jar:/Users/ammoturi/.m2/repository/com/google/code/findbugs/jsr305/1.3.9/jsr305-1.3.9.jar:/Users/ammoturi/.m2/repository/org/checkerframework/checker-compat-qual/2.0.0/checker-compat-qual-2.0.0.jar:/Users/ammoturi/.m2/repository/com/google/errorprone/error_prone_annotations/2.1.3/error_prone_annotations-2.1.3.jar:/Users/ammoturi/.m2/repository/com/google/j2objc/j2objc-annotations/1.1/j2objc-annotations-1.1.jar:/Users/ammoturi/.m2/repository/org/codehaus/mojo/animal-sniffer-annotations/1.14/animal-sniffer-annotations-1.14.jar:/Users/ammoturi/.m2/repository/com/squareup/okhttp3/okhttp/3.11.0/okhttp-3.11.0.jar:/Users/ammoturi/.m2/repository/com/squareup/okio/okio/1.14.0/okio-1.14.0.jar:"/>
    <property name="java.vm.vendor" value="Amazon.com Inc."/>
    <property name="sun.arch.data.model" value="64"/>
    <property name="java.vendor.url" value="https://aws.amazon.com/corretto/"/>
    <property name="user.timezone" value="Europe/London"/>
    <property name="java.vm.specification.version" value="11"/>
    <property name="os.name" value="Mac OS X"/>
    <property name="sun.java.launcher" value="SUN_STANDARD"/>
    <property name="user.country" value="GB"/>
    <property name="sun.boot.library.path" value="/Users/ammoturi/Library/Java/JavaVirtualMachines/corretto-11.0.11/Contents/Home/lib"/>
    <property name="sun.java.command" value="/Users/ammoturi/Documents/IdeaProjects/collective_automation/target/surefire/surefirebooter1067449391241267083.jar /Users/ammoturi/Documents/IdeaProjects/collective_automation/target/surefire 2021-08-01T16-55-58_424-jvmRun1 surefire14056893920622295204tmp surefire_011824351022800916940tmp"/>
    <property name="jdk.debug" value="release"/>
    <property name="surefire.test.class.path" value="/Users/ammoturi/Documents/IdeaProjects/collective_automation/target/test-classes:/Users/ammoturi/Documents/IdeaProjects/collective_automation/target/classes:/Users/ammoturi/.m2/repository/junit/junit/4.12/junit-4.12.jar:/Users/ammoturi/.m2/repository/org/hamcrest/hamcrest-core/1.3/hamcrest-core-1.3.jar:/Users/ammoturi/.m2/repository/io/cucumber/cucumber-java8/6.1.0/cucumber-java8-6.1.0.jar:/Users/ammoturi/.m2/repository/org/apiguardian/apiguardian-api/1.1.0/apiguardian-api-1.1.0.jar:/Users/ammoturi/.m2/repository/net/jodah/typetools/0.6.2/typetools-0.6.2.jar:/Users/ammoturi/.m2/repository/org/hamcrest/hamcrest-all/1.3/hamcrest-all-1.3.jar:/Users/ammoturi/.m2/repository/io/cucumber/cucumber-java/6.1.0/cucumber-java-6.1.0.jar:/Users/ammoturi/.m2/repository/log4j/log4j/1.2.17/log4j-1.2.17.jar:/Users/ammoturi/.m2/repository/io/cucumber/cucumber-junit/6.10.4/cucumber-junit-6.10.4.jar:/Users/ammoturi/.m2/repository/io/cucumber/cucumber-core/6.10.4/cucumber-core-6.10.4.jar:/Users/ammoturi/.m2/repository/io/cucumber/cucumber-gherkin/6.10.4/cucumber-gherkin-6.10.4.jar:/Users/ammoturi/.m2/repository/io/cucumber/cucumber-gherkin-messages/6.10.4/cucumber-gherkin-messages-6.10.4.jar:/Users/ammoturi/.m2/repository/io/cucumber/messages/15.0.0/messages-15.0.0.jar:/Users/ammoturi/.m2/repository/io/cucumber/tag-expressions/3.0.1/tag-expressions-3.0.1.jar:/Users/ammoturi/.m2/repository/io/cucumber/cucumber-expressions/10.3.0/cucumber-expressions-10.3.0.jar:/Users/ammoturi/.m2/repository/io/cucumber/datatable/3.5.0/datatable-3.5.0.jar:/Users/ammoturi/.m2/repository/io/cucumber/cucumber-plugin/6.10.4/cucumber-plugin-6.10.4.jar:/Users/ammoturi/.m2/repository/io/cucumber/docstring/6.10.4/docstring-6.10.4.jar:/Users/ammoturi/.m2/repository/io/cucumber/html-formatter/13.0.0/html-formatter-13.0.0.jar:/Users/ammoturi/.m2/repository/io/cucumber/create-meta/4.0.0/create-meta-4.0.0.jar:/Users/ammoturi/.m2/repository/org/seleniumhq/selenium/selenium-java/3.141.59/selenium-java-3.141.59.jar:/Users/ammoturi/.m2/repository/org/seleniumhq/selenium/selenium-api/3.141.59/selenium-api-3.141.59.jar:/Users/ammoturi/.m2/repository/org/seleniumhq/selenium/selenium-chrome-driver/3.141.59/selenium-chrome-driver-3.141.59.jar:/Users/ammoturi/.m2/repository/org/seleniumhq/selenium/selenium-edge-driver/3.141.59/selenium-edge-driver-3.141.59.jar:/Users/ammoturi/.m2/repository/org/seleniumhq/selenium/selenium-firefox-driver/3.141.59/selenium-firefox-driver-3.141.59.jar:/Users/ammoturi/.m2/repository/org/seleniumhq/selenium/selenium-ie-driver/3.141.59/selenium-ie-driver-3.141.59.jar:/Users/ammoturi/.m2/repository/org/seleniumhq/selenium/selenium-opera-driver/3.141.59/selenium-opera-driver-3.141.59.jar:/Users/ammoturi/.m2/repository/org/seleniumhq/selenium/selenium-remote-driver/3.141.59/selenium-remote-driver-3.141.59.jar:/Users/ammoturi/.m2/repository/org/seleniumhq/selenium/selenium-safari-driver/3.141.59/selenium-safari-driver-3.141.59.jar:/Users/ammoturi/.m2/repository/org/seleniumhq/selenium/selenium-support/3.141.59/selenium-support-3.141.59.jar:/Users/ammoturi/.m2/repository/net/bytebuddy/byte-buddy/1.8.15/byte-buddy-1.8.15.jar:/Users/ammoturi/.m2/repository/org/apache/commons/commons-exec/1.3/commons-exec-1.3.jar:/Users/ammoturi/.m2/repository/com/google/guava/guava/25.0-jre/guava-25.0-jre.jar:/Users/ammoturi/.m2/repository/com/google/code/findbugs/jsr305/1.3.9/jsr305-1.3.9.jar:/Users/ammoturi/.m2/repository/org/checkerframework/checker-compat-qual/2.0.0/checker-compat-qual-2.0.0.jar:/Users/ammoturi/.m2/repository/com/google/errorprone/error_prone_annotations/2.1.3/error_prone_annotations-2.1.3.jar:/Users/ammoturi/.m2/repository/com/google/j2objc/j2objc-annotations/1.1/j2objc-annotations-1.1.jar:/Users/ammoturi/.m2/repository/org/codehaus/mojo/animal-sniffer-annotations/1.14/animal-sniffer-annotations-1.14.jar:/Users/ammoturi/.m2/repository/com/squareup/okhttp3/okhttp/3.11.0/okhttp-3.11.0.jar:/Users/ammoturi/.m2/repository/com/squareup/okio/okio/1.14.0/okio-1.14.0.jar:"/>
    <property name="sun.cpu.endian" value="little"/>
    <property name="user.home" value="/Users/ammoturi"/>
    <property name="user.language" value="en"/>
    <property name="java.specification.vendor" value="Oracle Corporation"/>
    <property name="java.version.date" value="2021-04-20"/>
    <property name="java.home" value="/Users/ammoturi/Library/Java/JavaVirtualMachines/corretto-11.0.11/Contents/Home"/>
    <property name="file.separator" value="/"/>
    <property name="basedir" value="/Users/ammoturi/Documents/IdeaProjects/collective_automation"/>
    <property name="java.vm.compressedOopsMode" value="Zero based"/>
    <property name="line.separator" value="&#10;"/>
    <property name="java.specification.name" value="Java Platform API Specification"/>
    <property name="java.vm.specification.vendor" value="Oracle Corporation"/>
    <property name="java.awt.graphicsenv" value="sun.awt.CGraphicsEnvironment"/>
    <property name="surefire.real.class.path" value="/Users/ammoturi/Documents/IdeaProjects/collective_automation/target/surefire/surefirebooter1067449391241267083.jar"/>
    <property name="sun.management.compiler" value="HotSpot 64-Bit Tiered Compilers"/>
    <property name="java.runtime.version" value="11.0.11+9-LTS"/>
    <property name="user.name" value="ammoturi"/>
    <property name="path.separator" value=":"/>
    <property name="os.version" value="11.4"/>
    <property name="java.runtime.name" value="OpenJDK Runtime Environment"/>
    <property name="file.encoding" value="UTF-8"/>
    <property name="java.vm.name" value="OpenJDK 64-Bit Server VM"/>
    <property name="java.vendor.version" value="Corretto-11.0.11.9.1"/>
    <property name="localRepository" value="/Users/ammoturi/.m2/repository"/>
    <property name="java.vendor.url.bug" value="https://github.com/corretto/corretto-11/issues/"/>
    <property name="java.io.tmpdir" value="/var/folders/8f/t60yt50j1kscnrk3n3tc3mhh0000gp/T/"/>
    <property name="idea.version" value="2021.1.3"/>
    <property name="java.version" value="11.0.11"/>
    <property name="user.dir" value="/Users/ammoturi/Documents/IdeaProjects/collective_automation"/>
    <property name="os.arch" value="x86_64"/>
    <property name="java.vm.specification.name" value="Java Virtual Machine Specification"/>
    <property name="java.awt.printerjob" value="sun.lwawt.macosx.CPrinterJob"/>
    <property name="sun.os.patch.level" value="unknown"/>
    <property name="java.library.path" value="/Users/ammoturi/Library/Java/Extensions:/Library/Java/Extensions:/Network/Library/Java/Extensions:/System/Library/Java/Extensions:/usr/lib/java:."/>
    <property name="java.vm.info" value="mixed mode"/>
    <property name="java.vendor" value="Amazon.com Inc."/>
    <property name="java.vm.version" value="11.0.11+9-LTS"/>
    <property name="sun.io.unicode.encoding" value="UnicodeBig"/>
    <property name="java.class.version" value="55.0"/>
  </properties>
  <testcase name="Verify header navigation items" classname="As a user I want to test homepage" time="7.52"/>
  <testcase name="Verify &quot;book now&quot; button is displayed" classname="As a user I want to test homepage" time="5.152"/>
  <testcase name="Click &quot;Our location&quot; header and verify locations" classname="As a user I want to test homepage" time="9.79"/>
  <testcase name="Verify &quot;view&quot; button is displayed in &quot;old-oak&quot;" classname="As a user I want to test homepage" time="6.872"/>
  <testcase name="Verify &quot;view&quot; button is displayed in &quot;canary-wharf&quot;" classname="As a user I want to test homepage" time="7.688"/>
  <testcase name="Verify &quot;view&quot; button is displayed in &quot;paper-factory&quot;" classname="As a user I want to test homepage" time="6.769"/>
  <testcase name="Verify &quot;view&quot; button is displayed in &quot;harrow&quot;" classname="As a user I want to test homepage" time="6.779"/>
  <testcase name="Click on &quot;view&quot; button in &quot;&lt;locations&gt;&quot;" classname="As a user I want to test homepage" time="19.558">
    <failure message="User is not on Harrow page&#10;Expected: is &lt;false&gt;&#10;     but: was &lt;true&gt;" type="java.lang.AssertionError"><![CDATA[java.lang.AssertionError: 
User is not on Harrow page
Expected: is <false>
     but: was <true>
]]></failure>
    <system-out><![CDATA[2021-08-01 16:56:50.080 DEBUG [BrowserDriver] - Starting selenium server local host - http://localhost:4444/wd/hub
2021-08-01 16:56:54.785 DEBUG [BrowserDriver] - Instantiating browser chrome
2021-08-01 16:56:54.785 DEBUG [BrowserDriver] - Navigating to url https://staging.thecollective.com/
2021-08-01 16:56:55.175 DEBUG [ScenarioHooks] - Starting to run Scenario Click on "view" button in "<locations>"

2021-08-01 16:57:09.580 DEBUG [BrowserDriver] - Destroying driver for tag '17'
]]></system-out>
    <system-err><![CDATA[Aug 01, 2021 4:56:50 PM org.openqa.selenium.remote.DesiredCapabilities chrome
INFO: Using `new ChromeOptions()` is preferred to `DesiredCapabilities.chrome()`
Aug 01, 2021 4:56:52 PM org.openqa.selenium.remote.ProtocolHandshake createSession
INFO: Detected dialect: W3C
]]></system-err>
  </testcase>
  <testcase name="Click book now and fill out few nights form" classname="As a user I want to test homepage" time="9.332"/>
  <testcase name="Click stay for a few night button on homepage image to verify the form opens" classname="As a user I want to test homepage" time="5.784"/>
</testsuite>